[debug] [2022-07-01T16:14:18.443Z] ----------------------------------------------------------------------
[debug] [2022-07-01T16:14:18.446Z] Command:       C:\Program Files\nodejs\node.exe C:\Users\ahmed\AppData\Roaming\npm\node_modules\firebase-tools\lib\bin\firebase.js init
[debug] [2022-07-01T16:14:18.446Z] CLI Version:   11.1.0
[debug] [2022-07-01T16:14:18.446Z] Platform:      win32
[debug] [2022-07-01T16:14:18.447Z] Node Version:  v16.14.2
[debug] [2022-07-01T16:14:18.448Z] Time:          Fri Jul 01 2022 17:14:18 GMT+0100 (British Summer Time)
[debug] [2022-07-01T16:14:18.448Z] ----------------------------------------------------------------------
[debug] 
[debug] [2022-07-01T16:14:18.528Z] > command requires scopes: ["email","openid","https://www.googleapis.com/auth/cloudplatformprojects.readonly","https://www.googleapis.com/auth/firebase","https://www.googleapis.com/auth/cloud-platform"]
[debug] [2022-07-01T16:14:18.528Z] > authorizing via signed-in user (ahmedmatem@gmail.com)
[info] 
     ######## #### ########  ######## ########     ###     ######  ########
     ##        ##  ##     ## ##       ##     ##  ##   ##  ##       ##
     ######    ##  ########  ######   ########  #########  ######  ######
     ##        ##  ##    ##  ##       ##     ## ##     ##       ## ##
     ##       #### ##     ## ######## ########  ##     ##  ######  ########

You're about to initialize a Firebase project in this directory:

  D:\Visual Studio\Daywork Manager\ClientApp

Before we get started, keep in mind:

  * You are initializing within an existing Firebase project directory

[info] 
=== Project Setup
[info] 
[info] First, let's associate this project directory with a Firebase project.
[info] You can create multiple project aliases by running firebase use --add, 
[info] but for now we'll just set up a default project.
[info] 
[debug] [2022-07-01T16:14:27.709Z] Using project from CLI flag: daywork-manager
[debug] [2022-07-01T16:14:27.711Z] > refreshing access token with scopes: []
[debug] [2022-07-01T16:14:27.713Z] >>> [apiv2][query] POST https://www.googleapis.com/oauth2/v3/token [none]
[debug] [2022-07-01T16:14:27.713Z] >>> [apiv2][body] POST https://www.googleapis.com/oauth2/v3/token [omitted]
[debug] [2022-07-01T16:14:27.947Z] <<< [apiv2][status] POST https://www.googleapis.com/oauth2/v3/token 200
[debug] [2022-07-01T16:14:27.947Z] <<< [apiv2][body] POST https://www.googleapis.com/oauth2/v3/token [omitted]
[debug] [2022-07-01T16:14:27.979Z] >>> [apiv2][query] GET https://firebase.googleapis.com/v1beta1/projects/daywork-manager [none]
[debug] [2022-07-01T16:14:28.344Z] <<< [apiv2][status] GET https://firebase.googleapis.com/v1beta1/projects/daywork-manager 200
[debug] [2022-07-01T16:14:28.346Z] <<< [apiv2][body] GET https://firebase.googleapis.com/v1beta1/projects/daywork-manager {"projectId":"daywork-manager","projectNumber":"539479557886","displayName":"Daywork Manager","name":"projects/daywork-manager","resources":{"hostingSite":"daywork-manager","realtimeDatabaseInstance":"daywork-manager-default-rtdb","storageBucket":"daywork-manager.appspot.com","locationId":"europe-west"},"state":"ACTIVE"}
[info] i  Using project daywork-manager (Daywork Manager) 
[info] 
=== Functions Setup
[info] 
[info] A functions directory will be created in your project with sample code
[info] pre-configured. Functions can be deployed with firebase deploy.
[info] 
[debug] [2022-07-01T16:14:28.372Z] > command requires scopes: ["email","openid","https://www.googleapis.com/auth/cloudplatformprojects.readonly","https://www.googleapis.com/auth/firebase","https://www.googleapis.com/auth/cloud-platform"]
[debug] [2022-07-01T16:14:28.373Z] > authorizing via signed-in user (ahmedmatem@gmail.com)
[debug] [2022-07-01T16:14:28.373Z] [iam] checking project daywork-manager for permissions ["firebase.projects.get"]
[debug] [2022-07-01T16:14:28.374Z] >>> [apiv2][query] POST https://cloudresourcemanager.googleapis.com/v1/projects/daywork-manager:testIamPermissions [none]
[debug] [2022-07-01T16:14:28.374Z] >>> [apiv2][body] POST https://cloudresourcemanager.googleapis.com/v1/projects/daywork-manager:testIamPermissions {"permissions":["firebase.projects.get"]}
[debug] [2022-07-01T16:14:28.660Z] <<< [apiv2][status] POST https://cloudresourcemanager.googleapis.com/v1/projects/daywork-manager:testIamPermissions 200
[debug] [2022-07-01T16:14:28.660Z] <<< [apiv2][body] POST https://cloudresourcemanager.googleapis.com/v1/projects/daywork-manager:testIamPermissions {"permissions":["firebase.projects.get"]}
[debug] [2022-07-01T16:14:28.661Z] >>> [apiv2][query] GET https://serviceusage.googleapis.com/v1/projects/daywork-manager/services/cloudfunctions.googleapis.com [none]
[debug] [2022-07-01T16:14:28.662Z] >>> [apiv2][query] GET https://serviceusage.googleapis.com/v1/projects/daywork-manager/services/runtimeconfig.googleapis.com [none]
[debug] [2022-07-01T16:14:29.578Z] <<< [apiv2][status] GET https://serviceusage.googleapis.com/v1/projects/daywork-manager/services/cloudfunctions.googleapis.com 200
[debug] [2022-07-01T16:14:29.578Z] <<< [apiv2][body] GET https://serviceusage.googleapis.com/v1/projects/daywork-manager/services/cloudfunctions.googleapis.com [omitted]
[debug] [2022-07-01T16:14:29.578Z] <<< [apiv2][status] GET https://serviceusage.googleapis.com/v1/projects/daywork-manager/services/runtimeconfig.googleapis.com 200
[debug] [2022-07-01T16:14:29.578Z] <<< [apiv2][body] GET https://serviceusage.googleapis.com/v1/projects/daywork-manager/services/runtimeconfig.googleapis.com [omitted]
[info] +  Wrote functions/package.json 
[info] +  Wrote functions/.eslintrc.js 
[info] +  Wrote functions/tsconfig.json 
[info] +  Wrote functions/tsconfig.dev.json 
[info] +  Wrote functions/src/index.ts 
[info] +  Wrote functions/.gitignore 
